1
1
1
2
3
4
6
9
13
19
28
41
60
88
129
189
277
406
595
872
1278
1873
2745
4023
5896
8641
12664
18560
27201
39865
58425
85626
125491
183916
269542
395033
578949
848491
1243524
1822473
2670964
3914488
5736961
8407925
12322413
18059374
26467299
38789712
56849086
83316385
122106097
178955183
262271568
384377665
563332848
825604416
209982074
773314922
598919331
808901405
582216320
181135644
990037049
572253362
753389006
743426048
315679403
69068402
812494450
128173846
197242248
9736691
137910537
335152785
344889476
482800013
817952798
162842267
645642280
463595071
626437338
272079611
735674682
362112013
634191624
369866299
731978312
366169929
736036228
468014533
834184462
570220683
38235209
872419671
442640347
480875556
353295220
795935567
276811116
630106336
426041896
702853012
332959341
759001237
461854242
794813583
553814813
15669048
810482631
364297437
379966485
190449109
554746546
934713031
125162133
679908679
614621703
739783836
419692508
34314204
774098040
193790541
228104745
2202778
195993319
424098064
426300842
622294161
46392218
472693060
94987214
141379432
614072492
709059706
850439138
464511623
173571322
24010453
488522076
662093398
686103851
174625920
836719318
522823162
697449082
534168393
56991548
754440630
288609016
345600564
100041187
388650203
734250767
834291954
222942150
957192917
791484864
14427007
971619924
763104781
777531788
749151705
512256479
289788260
38939958
551196437
840984697
879924655
431121085
272105775
152030423
583151508
855257283
7287699
590439207
445696483
452984182
43423382
489119865
942104047
985527429
474647287
416751327
402278749
876926036
293677356
695956105
572882134
866559490
562515588
135397715
1957198
564472786
699870501
701827699
266300478
966170979
667998671
934299149
900470121
